<?xml version="1.0" encoding="utf-8"?>
<RelativeLayout
  xmlns:android="http://schemas.android.com/apk/res/android"
  android:orientation="vertical"
  android:layout_width="match_parent"
  android:layout_height="match_parent">
	<TextView
		android:id="@+id/test_nv_flag"
		android:textSize="23sp"
		android:layout_width="wrap_content"
		android:layout_height="wrap_content" />

    <ScrollView
        android:layout_width="match_parent"
        android:layout_height="match_parent"
		android:layout_below="@id/test_nv_flag"
		android:layout_marginTop="5dp"
        android:fillViewport="true"
        android:layout_weight="1">
		<ListView
			android:id="@+id/test_result_list"
			android:layout_width="match_parent"
			android:layout_height="wrap_content">
		</ListView>
    </ScrollView>

</RelativeLayout>
